<?xml version="1.0" encoding="UTF-8"?>
<!-- Generated by org.testng.reporters.JUnitReportReporter -->
<testsuite skipped="0" hostname="DESKTOP-PRMIIS3" name="com.dice.FirstTest" tests="1" failures="0" timestamp="17 Aug 2017 10:16:57 GMT" time="29.437" errors="0">
  <testcase name="firstTestMethod" time="29.437" classname="com.dice.FirstTest"/>
</testsuite> <!-- com.dice.FirstTest -->
