<?xml version="1.0" encoding="UTF-8"?>
<!-- Generated by org.testng.reporters.JUnitReportReporter -->
<testsuite skipped="0" hostname="eerr" name="com.dice.SecondTest" tests="1" failures="0" timestamp="29 Apr 2017 06:18:14 GMT" time="8.655" errors="0">
  <testcase name="secondTestMethod" time="8.655" classname="com.dice.SecondTest"/>
</testsuite> <!-- com.dice.SecondTest -->
